<?xml version="1.0" encoding="UTF-8"?>
<testsuite xmlns:xsi="http://www.w3.org/2001/XMLSchema-instance" xsi:noNamespaceSchemaLocation="https://maven.apache.org/surefire/maven-surefire-plugin/xsd/surefire-test-report.xsd" name="com.example.emailapi.EmailApiApplicationTests" time="1.876" tests="1" errors="0" skipped="0" failures="0">
  <properties>
    <property name="java.specification.version" value="17"/>
    <property name="sun.jnu.encoding" value="UTF-8"/>
    <property name="java.class.path" value="/Users/oliviamiuki/project-one-azure/project-one-email/target/test-classes:/Users/oliviamiuki/project-one-azure/project-one-email/target/classes:/Users/oliviamiuki/.m2/repository/org/springframework/boot/spring-boot-starter-web/2.6.3/spring-boot-starter-web-2.6.3.jar:/Users/oliviamiuki/.m2/repository/org/springframework/boot/spring-boot-starter/2.6.3/spring-boot-starter-2.6.3.jar:/Users/oliviamiuki/.m2/repository/org/springframework/boot/spring-boot/2.6.3/spring-boot-2.6.3.jar:/Users/oliviamiuki/.m2/repository/org/springframework/boot/spring-boot-autoconfigure/2.6.3/spring-boot-autoconfigure-2.6.3.jar:/Users/oliviamiuki/.m2/repository/org/springframework/boot/spring-boot-starter-logging/2.6.3/spring-boot-starter-logging-2.6.3.jar:/Users/oliviamiuki/.m2/repository/ch/qos/logback/logback-classic/1.2.10/logback-classic-1.2.10.jar:/Users/oliviamiuki/.m2/repository/ch/qos/logback/logback-core/1.2.10/logback-core-1.2.10.jar:/Users/oliviamiuki/.m2/repository/org/apache/logging/log4j/log4j-to-slf4j/2.17.1/log4j-to-slf4j-2.17.1.jar:/Users/oliviamiuki/.m2/repository/org/apache/logging/log4j/log4j-api/2.17.1/log4j-api-2.17.1.jar:/Users/oliviamiuki/.m2/repository/org/slf4j/jul-to-slf4j/1.7.33/jul-to-slf4j-1.7.33.jar:/Users/oliviamiuki/.m2/repository/jakarta/annotation/jakarta.annotation-api/1.3.5/jakarta.annotation-api-1.3.5.jar:/Users/oliviamiuki/.m2/repository/org/yaml/snakeyaml/1.29/snakeyaml-1.29.jar:/Users/oliviamiuki/.m2/repository/org/springframework/boot/spring-boot-starter-json/2.6.3/spring-boot-starter-json-2.6.3.jar:/Users/oliviamiuki/.m2/repository/com/fasterxml/jackson/core/jackson-databind/2.13.1/jackson-databind-2.13.1.jar:/Users/oliviamiuki/.m2/repository/com/fasterxml/jackson/core/jackson-annotations/2.13.1/jackson-annotations-2.13.1.jar:/Users/oliviamiuki/.m2/repository/com/fasterxml/jackson/core/jackson-core/2.13.1/jackson-core-2.13.1.jar:/Users/oliviamiuki/.m2/repository/com/fasterxml/jackson/datatype/jackson-datatype-jdk8/2.13.1/jackson-datatype-jdk8-2.13.1.jar:/Users/oliviamiuki/.m2/repository/com/fasterxml/jackson/datatype/jackson-datatype-jsr310/2.13.1/jackson-datatype-jsr310-2.13.1.jar:/Users/oliviamiuki/.m2/repository/com/fasterxml/jackson/module/jackson-module-parameter-names/2.13.1/jackson-module-parameter-names-2.13.1.jar:/Users/oliviamiuki/.m2/repository/org/springframework/boot/spring-boot-starter-tomcat/2.6.3/spring-boot-starter-tomcat-2.6.3.jar:/Users/oliviamiuki/.m2/repository/org/apache/tomcat/embed/tomcat-embed-core/9.0.56/tomcat-embed-core-9.0.56.jar:/Users/oliviamiuki/.m2/repository/org/apache/tomcat/embed/tomcat-embed-el/9.0.56/tomcat-embed-el-9.0.56.jar:/Users/oliviamiuki/.m2/repository/org/apache/tomcat/embed/tomcat-embed-websocket/9.0.56/tomcat-embed-websocket-9.0.56.jar:/Users/oliviamiuki/.m2/repository/org/springframework/spring-web/5.3.15/spring-web-5.3.15.jar:/Users/oliviamiuki/.m2/repository/org/springframework/spring-webmvc/5.3.15/spring-webmvc-5.3.15.jar:/Users/oliviamiuki/.m2/repository/org/springframework/spring-aop/5.3.15/spring-aop-5.3.15.jar:/Users/oliviamiuki/.m2/repository/org/springframework/spring-expression/5.3.15/spring-expression-5.3.15.jar:/Users/oliviamiuki/.m2/repository/org/springframework/boot/spring-boot-starter-test/2.6.3/spring-boot-starter-test-2.6.3.jar:/Users/oliviamiuki/.m2/repository/org/springframework/boot/spring-boot-test/2.6.3/spring-boot-test-2.6.3.jar:/Users/oliviamiuki/.m2/repository/org/springframework/boot/spring-boot-test-autoconfigure/2.6.3/spring-boot-test-autoconfigure-2.6.3.jar:/Users/oliviamiuki/.m2/repository/com/jayway/jsonpath/json-path/2.6.0/json-path-2.6.0.jar:/Users/oliviamiuki/.m2/repository/net/minidev/json-smart/2.4.7/json-smart-2.4.7.jar:/Users/oliviamiuki/.m2/repository/net/minidev/accessors-smart/2.4.7/accessors-smart-2.4.7.jar:/Users/oliviamiuki/.m2/repository/org/ow2/asm/asm/9.1/asm-9.1.jar:/Users/oliviamiuki/.m2/repository/jakarta/xml/bind/jakarta.xml.bind-api/2.3.3/jakarta.xml.bind-api-2.3.3.jar:/Users/oliviamiuki/.m2/repository/jakarta/activation/jakarta.activation-api/1.2.2/jakarta.activation-api-1.2.2.jar:/Users/oliviamiuki/.m2/repository/org/assertj/assertj-core/3.21.0/assertj-core-3.21.0.jar:/Users/oliviamiuki/.m2/repository/org/hamcrest/hamcrest/2.2/hamcrest-2.2.jar:/Users/oliviamiuki/.m2/repository/org/junit/jupiter/junit-jupiter/5.8.2/junit-jupiter-5.8.2.jar:/Users/oliviamiuki/.m2/repository/org/junit/jupiter/junit-jupiter-params/5.8.2/junit-jupiter-params-5.8.2.jar:/Users/oliviamiuki/.m2/repository/org/junit/jupiter/junit-jupiter-engine/5.8.2/junit-jupiter-engine-5.8.2.jar:/Users/oliviamiuki/.m2/repository/org/junit/platform/junit-platform-engine/1.8.2/junit-platform-engine-1.8.2.jar:/Users/oliviamiuki/.m2/repository/org/mockito/mockito-core/4.0.0/mockito-core-4.0.0.jar:/Users/oliviamiuki/.m2/repository/net/bytebuddy/byte-buddy/1.11.22/byte-buddy-1.11.22.jar:/Users/oliviamiuki/.m2/repository/net/bytebuddy/byte-buddy-agent/1.11.22/byte-buddy-agent-1.11.22.jar:/Users/oliviamiuki/.m2/repository/org/objenesis/objenesis/3.2/objenesis-3.2.jar:/Users/oliviamiuki/.m2/repository/org/mockito/mockito-junit-jupiter/4.0.0/mockito-junit-jupiter-4.0.0.jar:/Users/oliviamiuki/.m2/repository/org/skyscreamer/jsonassert/1.5.0/jsonassert-1.5.0.jar:/Users/oliviamiuki/.m2/repository/com/vaadin/external/google/android-json/0.0.20131108.vaadin1/android-json-0.0.20131108.vaadin1.jar:/Users/oliviamiuki/.m2/repository/org/springframework/spring-core/5.3.15/spring-core-5.3.15.jar:/Users/oliviamiuki/.m2/repository/org/springframework/spring-jcl/5.3.15/spring-jcl-5.3.15.jar:/Users/oliviamiuki/.m2/repository/org/springframework/spring-test/5.3.15/spring-test-5.3.15.jar:/Users/oliviamiuki/.m2/repository/org/xmlunit/xmlunit-core/2.8.4/xmlunit-core-2.8.4.jar:/Users/oliviamiuki/.m2/repository/org/springframework/boot/spring-boot-starter-mail/2.6.3/spring-boot-starter-mail-2.6.3.jar:/Users/oliviamiuki/.m2/repository/com/sun/mail/jakarta.mail/1.6.7/jakarta.mail-1.6.7.jar:/Users/oliviamiuki/.m2/repository/com/sun/activation/jakarta.activation/1.2.2/jakarta.activation-1.2.2.jar:/Users/oliviamiuki/.m2/repository/org/springframework/spring-context-support/5.3.15/spring-context-support-5.3.15.jar:/Users/oliviamiuki/.m2/repository/org/springframework/spring-beans/5.3.15/spring-beans-5.3.15.jar:/Users/oliviamiuki/.m2/repository/org/springframework/spring-context/5.3.15/spring-context-5.3.15.jar:/Users/oliviamiuki/.m2/repository/com/icegreen/greenmail/1.6.5/greenmail-1.6.5.jar:/Users/oliviamiuki/.m2/repository/com/sun/mail/javax.mail/1.6.2/javax.mail-1.6.2.jar:/Users/oliviamiuki/.m2/repository/javax/activation/activation/1.1/activation-1.1.jar:/Users/oliviamiuki/.m2/repository/org/subethamail/subethasmtp-wiser/1.2/subethasmtp-wiser-1.2.jar:/Users/oliviamiuki/.m2/repository/org/subethamail/subethasmtp-smtp/1.2/subethasmtp-smtp-1.2.jar:/Users/oliviamiuki/.m2/repository/commons-logging/commons-logging/1.1/commons-logging-1.1.jar:/Users/oliviamiuki/.m2/repository/log4j/log4j/1.2.12/log4j-1.2.12.jar:/Users/oliviamiuki/.m2/repository/logkit/logkit/1.0.1/logkit-1.0.1.jar:/Users/oliviamiuki/.m2/repository/avalon-framework/avalon-framework/4.1.3/avalon-framework-4.1.3.jar:/Users/oliviamiuki/.m2/repository/javax/servlet/servlet-api/2.3/servlet-api-2.3.jar:/Users/oliviamiuki/.m2/repository/javax/mail/mail/1.4/mail-1.4.jar:/Users/oliviamiuki/.m2/repository/org/junit/jupiter/junit-jupiter-api/5.8.2/junit-jupiter-api-5.8.2.jar:/Users/oliviamiuki/.m2/repository/org/opentest4j/opentest4j/1.2.0/opentest4j-1.2.0.jar:/Users/oliviamiuki/.m2/repository/org/junit/platform/junit-platform-commons/1.8.2/junit-platform-commons-1.8.2.jar:/Users/oliviamiuki/.m2/repository/org/apiguardian/apiguardian-api/1.1.2/apiguardian-api-1.1.2.jar:/Users/oliviamiuki/.m2/repository/junit/junit/4.13.2/junit-4.13.2.jar:/Users/oliviamiuki/.m2/repository/org/hamcrest/hamcrest-core/2.2/hamcrest-core-2.2.jar:/Users/oliviamiuki/.m2/repository/org/slf4j/slf4j-api/1.8.0-beta4/slf4j-api-1.8.0-beta4.jar:/Users/oliviamiuki/.m2/repository/org/slf4j/slf4j-simple/1.8.0-beta4/slf4j-simple-1.8.0-beta4.jar:/Users/oliviamiuki/.m2/repository/com/icegreen/greenmail-junit5/1.6.5/greenmail-junit5-1.6.5.jar:"/>
    <property name="java.vm.vendor" value="Oracle Corporation"/>
    <property name="sun.arch.data.model" value="64"/>
    <property name="java.vendor.url" value="https://java.oracle.com/"/>
    <property name="os.name" value="Mac OS X"/>
    <property name="java.vm.specification.version" value="17"/>
    <property name="sun.java.launcher" value="SUN_STANDARD"/>
    <property name="user.country" value="US"/>
    <property name="sun.boot.library.path" value="/Library/Java/JavaVirtualMachines/jdk-17.0.1.jdk/Contents/Home/lib"/>
    <property name="sun.java.command" value="/Users/oliviamiuki/project-one-azure/project-one-email/target/surefire/surefirebooter4034484503751544758.jar /Users/oliviamiuki/project-one-azure/project-one-email/target/surefire 2022-04-13T17-12-24_973-jvmRun1 surefire13971844656628208200tmp surefire_08344650971133981633tmp"/>
    <property name="http.nonProxyHosts" value="local|*.local|169.254/16|*.169.254/16"/>
    <property name="jdk.debug" value="release"/>
    <property name="surefire.test.class.path" value="/Users/oliviamiuki/project-one-azure/project-one-email/target/test-classes:/Users/oliviamiuki/project-one-azure/project-one-email/target/classes:/Users/oliviamiuki/.m2/repository/org/springframework/boot/spring-boot-starter-web/2.6.3/spring-boot-starter-web-2.6.3.jar:/Users/oliviamiuki/.m2/repository/org/springframework/boot/spring-boot-starter/2.6.3/spring-boot-starter-2.6.3.jar:/Users/oliviamiuki/.m2/repository/org/springframework/boot/spring-boot/2.6.3/spring-boot-2.6.3.jar:/Users/oliviamiuki/.m2/repository/org/springframework/boot/spring-boot-autoconfigure/2.6.3/spring-boot-autoconfigure-2.6.3.jar:/Users/oliviamiuki/.m2/repository/org/springframework/boot/spring-boot-starter-logging/2.6.3/spring-boot-starter-logging-2.6.3.jar:/Users/oliviamiuki/.m2/repository/ch/qos/logback/logback-classic/1.2.10/logback-classic-1.2.10.jar:/Users/oliviamiuki/.m2/repository/ch/qos/logback/logback-core/1.2.10/logback-core-1.2.10.jar:/Users/oliviamiuki/.m2/repository/org/apache/logging/log4j/log4j-to-slf4j/2.17.1/log4j-to-slf4j-2.17.1.jar:/Users/oliviamiuki/.m2/repository/org/apache/logging/log4j/log4j-api/2.17.1/log4j-api-2.17.1.jar:/Users/oliviamiuki/.m2/repository/org/slf4j/jul-to-slf4j/1.7.33/jul-to-slf4j-1.7.33.jar:/Users/oliviamiuki/.m2/repository/jakarta/annotation/jakarta.annotation-api/1.3.5/jakarta.annotation-api-1.3.5.jar:/Users/oliviamiuki/.m2/repository/org/yaml/snakeyaml/1.29/snakeyaml-1.29.jar:/Users/oliviamiuki/.m2/repository/org/springframework/boot/spring-boot-starter-json/2.6.3/spring-boot-starter-json-2.6.3.jar:/Users/oliviamiuki/.m2/repository/com/fasterxml/jackson/core/jackson-databind/2.13.1/jackson-databind-2.13.1.jar:/Users/oliviamiuki/.m2/repository/com/fasterxml/jackson/core/jackson-annotations/2.13.1/jackson-annotations-2.13.1.jar:/Users/oliviamiuki/.m2/repository/com/fasterxml/jackson/core/jackson-core/2.13.1/jackson-core-2.13.1.jar:/Users/oliviamiuki/.m2/repository/com/fasterxml/jackson/datatype/jackson-datatype-jdk8/2.13.1/jackson-datatype-jdk8-2.13.1.jar:/Users/oliviamiuki/.m2/repository/com/fasterxml/jackson/datatype/jackson-datatype-jsr310/2.13.1/jackson-datatype-jsr310-2.13.1.jar:/Users/oliviamiuki/.m2/repository/com/fasterxml/jackson/module/jackson-module-parameter-names/2.13.1/jackson-module-parameter-names-2.13.1.jar:/Users/oliviamiuki/.m2/repository/org/springframework/boot/spring-boot-starter-tomcat/2.6.3/spring-boot-starter-tomcat-2.6.3.jar:/Users/oliviamiuki/.m2/repository/org/apache/tomcat/embed/tomcat-embed-core/9.0.56/tomcat-embed-core-9.0.56.jar:/Users/oliviamiuki/.m2/repository/org/apache/tomcat/embed/tomcat-embed-el/9.0.56/tomcat-embed-el-9.0.56.jar:/Users/oliviamiuki/.m2/repository/org/apache/tomcat/embed/tomcat-embed-websocket/9.0.56/tomcat-embed-websocket-9.0.56.jar:/Users/oliviamiuki/.m2/repository/org/springframework/spring-web/5.3.15/spring-web-5.3.15.jar:/Users/oliviamiuki/.m2/repository/org/springframework/spring-webmvc/5.3.15/spring-webmvc-5.3.15.jar:/Users/oliviamiuki/.m2/repository/org/springframework/spring-aop/5.3.15/spring-aop-5.3.15.jar:/Users/oliviamiuki/.m2/repository/org/springframework/spring-expression/5.3.15/spring-expression-5.3.15.jar:/Users/oliviamiuki/.m2/repository/org/springframework/boot/spring-boot-starter-test/2.6.3/spring-boot-starter-test-2.6.3.jar:/Users/oliviamiuki/.m2/repository/org/springframework/boot/spring-boot-test/2.6.3/spring-boot-test-2.6.3.jar:/Users/oliviamiuki/.m2/repository/org/springframework/boot/spring-boot-test-autoconfigure/2.6.3/spring-boot-test-autoconfigure-2.6.3.jar:/Users/oliviamiuki/.m2/repository/com/jayway/jsonpath/json-path/2.6.0/json-path-2.6.0.jar:/Users/oliviamiuki/.m2/repository/net/minidev/json-smart/2.4.7/json-smart-2.4.7.jar:/Users/oliviamiuki/.m2/repository/net/minidev/accessors-smart/2.4.7/accessors-smart-2.4.7.jar:/Users/oliviamiuki/.m2/repository/org/ow2/asm/asm/9.1/asm-9.1.jar:/Users/oliviamiuki/.m2/repository/jakarta/xml/bind/jakarta.xml.bind-api/2.3.3/jakarta.xml.bind-api-2.3.3.jar:/Users/oliviamiuki/.m2/repository/jakarta/activation/jakarta.activation-api/1.2.2/jakarta.activation-api-1.2.2.jar:/Users/oliviamiuki/.m2/repository/org/assertj/assertj-core/3.21.0/assertj-core-3.21.0.jar:/Users/oliviamiuki/.m2/repository/org/hamcrest/hamcrest/2.2/hamcrest-2.2.jar:/Users/oliviamiuki/.m2/repository/org/junit/jupiter/junit-jupiter/5.8.2/junit-jupiter-5.8.2.jar:/Users/oliviamiuki/.m2/repository/org/junit/jupiter/junit-jupiter-params/5.8.2/junit-jupiter-params-5.8.2.jar:/Users/oliviamiuki/.m2/repository/org/junit/jupiter/junit-jupiter-engine/5.8.2/junit-jupiter-engine-5.8.2.jar:/Users/oliviamiuki/.m2/repository/org/junit/platform/junit-platform-engine/1.8.2/junit-platform-engine-1.8.2.jar:/Users/oliviamiuki/.m2/repository/org/mockito/mockito-core/4.0.0/mockito-core-4.0.0.jar:/Users/oliviamiuki/.m2/repository/net/bytebuddy/byte-buddy/1.11.22/byte-buddy-1.11.22.jar:/Users/oliviamiuki/.m2/repository/net/bytebuddy/byte-buddy-agent/1.11.22/byte-buddy-agent-1.11.22.jar:/Users/oliviamiuki/.m2/repository/org/objenesis/objenesis/3.2/objenesis-3.2.jar:/Users/oliviamiuki/.m2/repository/org/mockito/mockito-junit-jupiter/4.0.0/mockito-junit-jupiter-4.0.0.jar:/Users/oliviamiuki/.m2/repository/org/skyscreamer/jsonassert/1.5.0/jsonassert-1.5.0.jar:/Users/oliviamiuki/.m2/repository/com/vaadin/external/google/android-json/0.0.20131108.vaadin1/android-json-0.0.20131108.vaadin1.jar:/Users/oliviamiuki/.m2/repository/org/springframework/spring-core/5.3.15/spring-core-5.3.15.jar:/Users/oliviamiuki/.m2/repository/org/springframework/spring-jcl/5.3.15/spring-jcl-5.3.15.jar:/Users/oliviamiuki/.m2/repository/org/springframework/spring-test/5.3.15/spring-test-5.3.15.jar:/Users/oliviamiuki/.m2/repository/org/xmlunit/xmlunit-core/2.8.4/xmlunit-core-2.8.4.jar:/Users/oliviamiuki/.m2/repository/org/springframework/boot/spring-boot-starter-mail/2.6.3/spring-boot-starter-mail-2.6.3.jar:/Users/oliviamiuki/.m2/repository/com/sun/mail/jakarta.mail/1.6.7/jakarta.mail-1.6.7.jar:/Users/oliviamiuki/.m2/repository/com/sun/activation/jakarta.activation/1.2.2/jakarta.activation-1.2.2.jar:/Users/oliviamiuki/.m2/repository/org/springframework/spring-context-support/5.3.15/spring-context-support-5.3.15.jar:/Users/oliviamiuki/.m2/repository/org/springframework/spring-beans/5.3.15/spring-beans-5.3.15.jar:/Users/oliviamiuki/.m2/repository/org/springframework/spring-context/5.3.15/spring-context-5.3.15.jar:/Users/oliviamiuki/.m2/repository/com/icegreen/greenmail/1.6.5/greenmail-1.6.5.jar:/Users/oliviamiuki/.m2/repository/com/sun/mail/javax.mail/1.6.2/javax.mail-1.6.2.jar:/Users/oliviamiuki/.m2/repository/javax/activation/activation/1.1/activation-1.1.jar:/Users/oliviamiuki/.m2/repository/org/subethamail/subethasmtp-wiser/1.2/subethasmtp-wiser-1.2.jar:/Users/oliviamiuki/.m2/repository/org/subethamail/subethasmtp-smtp/1.2/subethasmtp-smtp-1.2.jar:/Users/oliviamiuki/.m2/repository/commons-logging/commons-logging/1.1/commons-logging-1.1.jar:/Users/oliviamiuki/.m2/repository/log4j/log4j/1.2.12/log4j-1.2.12.jar:/Users/oliviamiuki/.m2/repository/logkit/logkit/1.0.1/logkit-1.0.1.jar:/Users/oliviamiuki/.m2/repository/avalon-framework/avalon-framework/4.1.3/avalon-framework-4.1.3.jar:/Users/oliviamiuki/.m2/repository/javax/servlet/servlet-api/2.3/servlet-api-2.3.jar:/Users/oliviamiuki/.m2/repository/javax/mail/mail/1.4/mail-1.4.jar:/Users/oliviamiuki/.m2/repository/org/junit/jupiter/junit-jupiter-api/5.8.2/junit-jupiter-api-5.8.2.jar:/Users/oliviamiuki/.m2/repository/org/opentest4j/opentest4j/1.2.0/opentest4j-1.2.0.jar:/Users/oliviamiuki/.m2/repository/org/junit/platform/junit-platform-commons/1.8.2/junit-platform-commons-1.8.2.jar:/Users/oliviamiuki/.m2/repository/org/apiguardian/apiguardian-api/1.1.2/apiguardian-api-1.1.2.jar:/Users/oliviamiuki/.m2/repository/junit/junit/4.13.2/junit-4.13.2.jar:/Users/oliviamiuki/.m2/repository/org/hamcrest/hamcrest-core/2.2/hamcrest-core-2.2.jar:/Users/oliviamiuki/.m2/repository/org/slf4j/slf4j-api/1.8.0-beta4/slf4j-api-1.8.0-beta4.jar:/Users/oliviamiuki/.m2/repository/org/slf4j/slf4j-simple/1.8.0-beta4/slf4j-simple-1.8.0-beta4.jar:/Users/oliviamiuki/.m2/repository/com/icegreen/greenmail-junit5/1.6.5/greenmail-junit5-1.6.5.jar:"/>
    <property name="sun.cpu.endian" value="little"/>
    <property name="user.home" value="/Users/oliviamiuki"/>
    <property name="user.language" value="en"/>
    <property name="java.specification.vendor" value="Oracle Corporation"/>
    <property name="java.version.date" value="2021-10-19"/>
    <property name="java.home" value="/Library/Java/JavaVirtualMachines/jdk-17.0.1.jdk/Contents/Home"/>
    <property name="file.separator" value="/"/>
    <property name="basedir" value="/Users/oliviamiuki/project-one-azure/project-one-email"/>
    <property name="java.vm.compressedOopsMode" value="Zero based"/>
    <property name="line.separator" value="&#10;"/>
    <property name="java.specification.name" value="Java Platform API Specification"/>
    <property name="java.vm.specification.vendor" value="Oracle Corporation"/>
    <property name="surefire.real.class.path" value="/Users/oliviamiuki/project-one-azure/project-one-email/target/surefire/surefirebooter4034484503751544758.jar"/>
    <property name="sun.management.compiler" value="HotSpot 64-Bit Tiered Compilers"/>
    <property name="ftp.nonProxyHosts" value="local|*.local|169.254/16|*.169.254/16"/>
    <property name="java.runtime.version" value="17.0.1+12-LTS-39"/>
    <property name="user.name" value="oliviamiuki"/>
    <property name="path.separator" value=":"/>
    <property name="os.version" value="12.1"/>
    <property name="java.runtime.name" value="Java(TM) SE Runtime Environment"/>
    <property name="file.encoding" value="UTF-8"/>
    <property name="java.vm.name" value="Java HotSpot(TM) 64-Bit Server VM"/>
    <property name="localRepository" value="/Users/oliviamiuki/.m2/repository"/>
    <property name="java.vendor.url.bug" value="https://bugreport.java.com/bugreport/"/>
    <property name="java.io.tmpdir" value="/var/folders/5k/6blfy_ws1hjfhnpstclzfs580000gn/T/"/>
    <property name="idea.version" value="2021.3.1"/>
    <property name="java.version" value="17.0.1"/>
    <property name="user.dir" value="/Users/oliviamiuki/project-one-azure/project-one-email"/>
    <property name="os.arch" value="x86_64"/>
    <property name="java.vm.specification.name" value="Java Virtual Machine Specification"/>
    <property name="native.encoding" value="UTF-8"/>
    <property name="java.library.path" value="/Users/oliviamiuki/Library/Java/Extensions:/Library/Java/Extensions:/Network/Library/Java/Extensions:/System/Library/Java/Extensions:/usr/lib/java:."/>
    <property name="java.vm.info" value="mixed mode, sharing"/>
    <property name="java.vendor" value="Oracle Corporation"/>
    <property name="java.vm.version" value="17.0.1+12-LTS-39"/>
    <property name="sun.io.unicode.encoding" value="UnicodeBig"/>
    <property name="socksNonProxyHosts" value="local|*.local|169.254/16|*.169.254/16"/>
    <property name="java.class.version" value="61.0"/>
  </properties>
  <testcase name="contextLoads" classname="com.example.emailapi.EmailApiApplicationTests" time="0.27"/>
</testsuite>